<?xml version="1.0" encoding="UTF-8"?>
<!-- Generated by org.testng.reporters.JUnitReportReporter -->
<testsuite hostname="LAPTOP-BCCC2A8Q" failures="0" tests="2" name="com.webflow.TestCases.TC_LoginPage_01" time="79.306" errors="0" timestamp="28 Jun 2023 18:03:58 GMT" skipped="0">
  <testcase classname="com.webflow.TestCases.TC_LoginPage_01" name="test_LoginPage" time="79.304"/>
  <testcase classname="com.webflow.TestCases.TC_LoginPage_01" name="test_SkippedReporting" time="0.002"/>
</testsuite> <!-- com.webflow.TestCases.TC_LoginPage_01 -->
